<?xml version="1.0" encoding="UTF-8"?>
<!-- Generated by org.testng.reporters.JUnitXMLReporter -->
<testsuite ignored="2" hostname="Madhuri-Laptop" failures="0" tests="4" name="Car Loan" time="0.068" errors="0" timestamp="2024-07-30T14:57:38 EDT">
  <testcase classname="test.day3" name="APILoginCarLoan" time="0.014"/>
  <testcase classname="test.day3" name="APILoginCarLoan2" time="0.003"/>
  <testcase classname="test.day3" name="APILoginCarLoan2" time="0.002"/>
  <testcase classname="test.day3" name="APILoginCarLoan2" time="0.001"/>
  <testcase classname="test.day3" name="WebLoginCarLoan" time="0.0">
    <ignored/>
  </testcase> <!-- WebLoginCarLoan -->
  <testcase classname="test.day3" name="MobileLoginCarLoan" time="0.0">
    <ignored/>
  </testcase> <!-- MobileLoginCarLoan -->
</testsuite> <!-- Car Loan -->
