<?xml version="1.0" encoding="UTF-8"?>
<!-- Generated by org.testng.reporters.JUnitXMLReporter -->
<testsuite ignored="2" hostname="Madhuri-Laptop" failures="0" tests="2" name="Home Loan" time="0.004" errors="0" timestamp="2024-07-30T14:57:38 EDT">
  <testcase classname="test.day4" name="APILoginHomeLoan" time="0.001"/>
  <testcase classname="test.day4" name="WebLoginHomeLoan" time="0.001"/>
  <testcase classname="test.day4" name="MobileSignInHomeLoan" time="0.0">
    <ignored/>
  </testcase> <!-- MobileSignInHomeLoan -->
  <testcase classname="test.day4" name="MobileLoginHomeLoan" time="0.0">
    <ignored/>
  </testcase> <!-- MobileLoginHomeLoan -->
</testsuite> <!-- Home Loan -->
