<?xml version="1.0" encoding="UTF-8"?>
<!-- Generated by org.testng.reporters.JUnitXMLReporter -->
<testsuite ignored="0" hostname="Madhuri-Laptop" failures="0" tests="10" name="Loan" time="0.089" errors="0" timestamp="2024-07-27T14:07:19 EDT">
  <testcase classname="test.day1" name="demo" time="0.013"/>
  <testcase classname="test.day1" name="secondTest" time="0.001"/>
  <testcase classname="test.day2" name="day2Test" time="0.002"/>
  <testcase classname="test.day3" name="APILoginCarLoan" time="0.001"/>
  <testcase classname="test.day3" name="MobileLoginCarLoan" time="0.002"/>
  <testcase classname="test.day3" name="WebLoginCarLoan" time="0.001"/>
  <testcase classname="test.day4" name="APILoginHomeLoan" time="0.001"/>
  <testcase classname="test.day4" name="MobileLoginHomeLoan" time="0.001"/>
  <testcase classname="test.day4" name="MobileSignInHomeLoan" time="0.001"/>
  <testcase classname="test.day4" name="WebLoginHomeLoan" time="0.001"/>
</testsuite> <!-- Loan -->
