<?xml version="1.0" encoding="UTF-8"?>
<!-- Generated by org.testng.reporters.JUnitXMLReporter -->
<testsuite ignored="5" hostname="Madhuri-Laptop" failures="0" tests="6" name="Regression" time="0.108" errors="0" timestamp="2024-07-28T16:28:31 EDT">
  <testcase classname="test.day1" name="day1Demo" time="0.017"/>
  <testcase classname="test.day1" name="day1Test" time="0.001"/>
  <testcase classname="test.day2" name="Day2Test2" time="0.003"/>
  <testcase classname="test.day3" name="WebLoginCarLoan" time="0.002"/>
  <testcase classname="test.day4" name="APILoginHomeLoan" time="0.003"/>
  <testcase classname="test.day4" name="WebLoginHomeLoan" time="0.01"/>
  <testcase classname="test.day3" name="APILoginCarLoan" time="0.0">
    <ignored/>
  </testcase> <!-- APILoginCarLoan -->
  <testcase classname="test.day2" name="Day2Test1" time="0.0">
    <ignored/>
  </testcase> <!-- Day2Test1 -->
  <testcase classname="test.day3" name="MobileLoginCarLoan" time="0.0">
    <ignored/>
  </testcase> <!-- MobileLoginCarLoan -->
  <testcase classname="test.day4" name="MobileSignInHomeLoan" time="0.0">
    <ignored/>
  </testcase> <!-- MobileSignInHomeLoan -->
  <testcase classname="test.day4" name="MobileLoginHomeLoan" time="0.0">
    <ignored/>
  </testcase> <!-- MobileLoginHomeLoan -->
</testsuite> <!-- Regression -->
