<?xml version="1.0" encoding="UTF-8"?>
<!-- Generated by org.testng.reporters.JUnitXMLReporter -->
<testsuite ignored="1" hostname="Madhuri-Laptop" failures="0" tests="3" name="Default test" time="0.069" errors="0" timestamp="2024-07-28T16:53:19 EDT">
  <testcase classname="test.day4" name="APILoginHomeLoan" time="0.013"/>
  <testcase classname="test.day4" name="MobileSignInHomeLoan" time="0.001"/>
  <testcase classname="test.day4" name="WebLoginHomeLoan" time="0.001"/>
  <testcase classname="test.day4" name="MobileLoginHomeLoan" time="0.0">
    <ignored/>
  </testcase> <!-- MobileLoginHomeLoan -->
</testsuite> <!-- Default test -->
